<?xml version="1.0" encoding="UTF-8"?>
<testng-results ignored="0" total="1" passed="1" failed="0" skipped="0">
  <reporter-output>
  </reporter-output>
  <suite started-at="2021-09-27T10:00:49 IST" name="Default suite" finished-at="2021-09-27T10:01:19 IST" duration-ms="29456">
    <groups>
    </groups>
    <test started-at="2021-09-27T10:00:49 IST" name="Default test" finished-at="2021-09-27T10:01:19 IST" duration-ms="29456">
      <class name="com.UrbanLadderCS.Runner.Tc001_SearchItem">
        <test-method signature="Open1()[pri:0, instance:com.UrbanLadderCS.Runner.Tc001_SearchItem@58695725]" started-at="2021-09-27T10:00:50 IST" name="Open1" finished-at="2021-09-27T10:01:19 IST" duration-ms="29338" status="PASS">
          <reporter-output>
          </reporter-output>
        </test-method> <!-- Open1 -->
      </class> <!-- com.UrbanLadderCS.Runner.Tc001_SearchItem -->
    </test> <!-- Default test -->
  </suite> <!-- Default suite -->
</testng-results>
